*** Installing Pandas ***

Requirement already satisfied: pandas in /Library/Frameworks/Python.framework/Versions/3.13/lib/python3.13/site-packages (2.3.1)
Requirement already satisfied: numpy>=1.26.0 in /Library/Frameworks/Python.framework/Versions/3.13/lib/python3.13/site-packages (from pandas) (2.3.2)
Requirement already satisfied: python-dateutil>=2.8.2 in /Users/cvall/Library/Python/3.13/lib/python/site-packages (from pandas) (2.9.0.post0)
Requirement already satisfied: pytz>=2020.1 in /Library/Frameworks/Python.framework/Versions/3.13/lib/python3.13/site-packages (from pandas) (2025.2)
Requirement already satisfied: tzdata>=2022.7 in /Library/Frameworks/Python.framework/Versions/3.13/lib/python3.13/site-packages (from pandas) (2025.2)
Requirement already satisfied: six>=1.5 in /Users/cvall/Library/Python/3.13/lib/python/site-packages (from python-dateutil>=2.8.2->pandas) (1.17.0)

*** Installing Matplotlib ***

Requirement already satisfied: matplotlib in /Library/Frameworks/Python.framework/Versions/3.13/lib/python3.13/site-packages (3.10.3)
Requirement already satisfied: contourpy>=1.0.1 in /Library/Frameworks/Python.framework/Versions/3.13/lib/python3.13/site-packages (from matplotlib) (1.3.2)
Requirement already satisfied: cycler>=0.10 in /Library/Frameworks/Python.framework/Versions/3.13/lib/python3.13/site-packages (from matplotlib) (0.12.1)
Requirement already satisfied: fonttools>=4.22.0 in /Library/Frameworks/Python.framework/Versions/3.13/lib/python3.13/site-packages (from matplotlib) (4.59.0)
Requirement already satisfied: kiwisolver>=1.3.1 in /Library/Frameworks/Python.framework/Versions/3.13/lib/python3.13/site-packages (from matplotlib) (1.4.8)
Requirement already satisfied: numpy>=1.23 in /Library/Frameworks/Python.framework/Versions/3.13/lib/python3.13/site-packages (from matplotlib) (2.3.2)
Requirement already satisfied: packaging>=20.0 in /Users/cvall/Library/Python/3.13/lib/python/site-packages (from matplotlib) (25.0)
Requirement already satisfied: pillow>=8 in /Library/Frameworks/Python.framework/Versions/3.13/lib/python3.13/site-packages (from matplotlib) (11.3.0)
Requirement already satisfied: pyparsing>=2.3.1 in /Library/Frameworks/Python.framework/Versions/3.13/lib/python3.13/site-packages (from matplotlib) (3.2.3)
Requirement already satisfied: python-dateutil>=2.7 in /Users/cvall/Library/Python/3.13/lib/python/site-packages (from matplotlib) (2.9.0.post0)
Requirement already satisfied: six>=1.5 in /Users/cvall/Library/Python/3.13/lib/python/site-packages (from python-dateutil>=2.7->matplotlib) (1.17.0)

*** Installing Seaborn ***

Requirement already satisfied: seaborn in /Library/Frameworks/Python.framework/Versions/3.13/lib/python3.13/site-packages (0.13.2)
Requirement already satisfied: numpy!=1.24.0,>=1.20 in /Library/Frameworks/Python.framework/Versions/3.13/lib/python3.13/site-packages (from seaborn) (2.3.2)
Requirement already satisfied: pandas>=1.2 in /Library/Frameworks/Python.framework/Versions/3.13/lib/python3.13/site-packages (from seaborn) (2.3.1)
Requirement already satisfied: matplotlib!=3.6.1,>=3.4 in /Library/Frameworks/Python.framework/Versions/3.13/lib/python3.13/site-packages (from seaborn) (3.10.3)
Requirement already satisfied: contourpy>=1.0.1 in /Library/Frameworks/Python.framework/Versions/3.13/lib/python3.13/site-packages (from matplotlib!=3.6.1,>=3.4->seaborn) (1.3.2)
Requirement already satisfied: cycler>=0.10 in /Library/Frameworks/Python.framework/Versions/3.13/lib/python3.13/site-packages (from matplotlib!=3.6.1,>=3.4->seaborn) (0.12.1)
Requirement already satisfied: fonttools>=4.22.0 in /Library/Frameworks/Python.framework/Versions/3.13/lib/python3.13/site-packages (from matplotlib!=3.6.1,>=3.4->seaborn) (4.59.0)
Requirement already satisfied: kiwisolver>=1.3.1 in /Library/Frameworks/Python.framework/Versions/3.13/lib/python3.13/site-packages (from matplotlib!=3.6.1,>=3.4->seaborn) (1.4.8)
Requirement already satisfied: packaging>=20.0 in /Users/cvall/Library/Python/3.13/lib/python/site-packages (from matplotlib!=3.6.1,>=3.4->seaborn) (25.0)
Requirement already satisfied: pillow>=8 in /Library/Frameworks/Python.framework/Versions/3.13/lib/python3.13/site-packages (from matplotlib!=3.6.1,>=3.4->seaborn) (11.3.0)
Requirement already satisfied: pyparsing>=2.3.1 in /Library/Frameworks/Python.framework/Versions/3.13/lib/python3.13/site-packages (from matplotlib!=3.6.1,>=3.4->seaborn) (3.2.3)
Requirement already satisfied: python-dateutil>=2.7 in /Users/cvall/Library/Python/3.13/lib/python/site-packages (from matplotlib!=3.6.1,>=3.4->seaborn) (2.9.0.post0)
Requirement already satisfied: pytz>=2020.1 in /Library/Frameworks/Python.framework/Versions/3.13/lib/python3.13/site-packages (from pandas>=1.2->seaborn) (2025.2)
Requirement already satisfied: tzdata>=2022.7 in /Library/Frameworks/Python.framework/Versions/3.13/lib/python3.13/site-packages (from pandas>=1.2->seaborn) (2025.2)
Requirement already satisfied: six>=1.5 in /Users/cvall/Library/Python/3.13/lib/python/site-packages (from python-dateutil>=2.7->matplotlib!=3.6.1,>=3.4->seaborn) (1.17.0)

*** Installing Plotly ***

Requirement already satisfied: plotly in /Library/Frameworks/Python.framework/Versions/3.13/lib/python3.13/site-packages (6.2.0)
Requirement already satisfied: narwhals>=1.15.1 in /Library/Frameworks/Python.framework/Versions/3.13/lib/python3.13/site-packages (from plotly) (1.48.1)
Requirement already satisfied: packaging in /Users/cvall/Library/Python/3.13/lib/python/site-packages (from plotly) (25.0)
